#-----------------------------------------------------------
# Vivado v2017.3 (64-bit)
# SW Build 2018833 on Wed Oct  4 19:58:22 MDT 2017
# IP Build 2016188 on Wed Oct  4 21:52:56 MDT 2017
# Start of session at: Mon Jun  8 18:03:13 2020
# Process ID: 17336
# Current directory: D:/DDLAB/DDLab4/DDLab4_HW
# Command line: vivado.exe -gui_launcher_event rodinguilauncherevent8084 D:\DDLAB\DDLab4\DDLab4_HW\DDLab4_HW.xpr
# Log file: D:/DDLAB/DDLab4/DDLab4_HW/vivado.log
# Journal file: D:/DDLAB/DDLab4/DDLab4_HW\vivado.jou
#-----------------------------------------------------------
start_gui
open_project D:/DDLAB/DDLab4/DDLab4_HW/DDLab4_HW.xpr
Scanning sources...
Finished scanning sources
INFO: [IP_Flow 19-234] Refreshing IP repositories
INFO: [IP_Flow 19-1704] No user IP repositories specified
INFO: [IP_Flow 19-2313] Loaded Vivado IP repository 'D:/Xilinx/Vivado/2017.3/data/ip'.
open_project: Time (s): cpu = 00:00:19 ; elapsed = 00:00:09 . Memory (MB): peak = 852.313 ; gain = 121.727
exit
INFO: [Common 17-206] Exiting Vivado at Mon Jun  8 18:03:44 2020...
