#-----------------------------------------------------------
# Vivado v2017.3 (64-bit)
# SW Build 2018833 on Wed Oct  4 19:58:22 MDT 2017
# IP Build 2016188 on Wed Oct  4 21:52:56 MDT 2017
# Start of session at: Mon Apr 20 17:55:17 2020
# Process ID: 8320
# Current directory: D:/DDLAB/DDLab4/DDLab4
# Command line: vivado.exe -gui_launcher_event rodinguilauncherevent15292 D:\DDLAB\DDLab4\DDLab4\DDLab4.xpr
# Log file: D:/DDLAB/DDLab4/DDLab4/vivado.log
# Journal file: D:/DDLAB/DDLab4/DDLab4\vivado.jou
#-----------------------------------------------------------
start_gui
open_project D:/DDLAB/DDLab4/DDLab4/DDLab4.xpr
Scanning sources...
Finished scanning sources
INFO: [IP_Flow 19-234] Refreshing IP repositories
INFO: [IP_Flow 19-1704] No user IP repositories specified
INFO: [IP_Flow 19-2313] Loaded Vivado IP repository 'D:/Xilinx/Vivado/2017.3/data/ip'.
open_project: Time (s): cpu = 00:00:21 ; elapsed = 00:00:17 . Memory (MB): peak = 816.207 ; gain = 61.004
update_compile_order -fileset sources_1
exit
INFO: [Common 17-206] Exiting Vivado at Mon Apr 20 18:04:44 2020...
