#-----------------------------------------------------------
# Vivado v2017.3 (64-bit)
# SW Build 2018833 on Wed Oct  4 19:58:22 MDT 2017
# IP Build 2016188 on Wed Oct  4 21:52:56 MDT 2017
# Start of session at: Sun Aug 30 13:53:46 2020
# Process ID: 14328
# Current directory: C:/Users/uiser/Desktop/DDLAB/9. 實作8 x 8 Serial Radix-4 Booth有號數乘法器/demo/HW2/booth
# Command line: vivado.exe -gui_launcher_event rodinguilauncherevent12128 C:\Users\uiser\Desktop\DDLAB\9. 實作8 x 8 Serial Radix-4 Booth有號數乘法器\demo\HW2\booth\booth.xpr
# Log file: C:/Users/uiser/Desktop/DDLAB/9. 實作8 x 8 Serial Radix-4 Booth有號數乘法器/demo/HW2/booth/vivado.log
# Journal file: C:/Users/uiser/Desktop/DDLAB/9. 實作8 x 8 Serial Radix-4 Booth有號數乘法器/demo/HW2/booth\vivado.jou
#-----------------------------------------------------------
start_gui
open_project {C:/Users/uiser/Desktop/DDLAB/9. 實作8 x 8 Serial Radix-4 Booth有號數乘法器/demo/HW2/booth/booth.xpr}
INFO: [ProjectBase 1-489] The host OS only allows 260 characters in a normal path. The project is stored in a path with more than 80 characters. If you experience issues with IP, Block Designs, or files not being found, please consider moving the project to a location with a shorter path. Alternately consider using the OS subst command to map part of the path to a drive letter.
Current project path is 'C:/Users/uiser/Desktop/DDLAB/9. 實作8 x 8 Serial Radix-4 Booth有號數乘法器/demo/HW2/booth'
INFO: [Project 1-313] Project file moved from 'C:/Users/uiser/Desktop/DDLAB/Lab9/demo/HW2/booth' since last save.
Scanning sources...
Finished scanning sources
INFO: [IP_Flow 19-234] Refreshing IP repositories
INFO: [IP_Flow 19-1704] No user IP repositories specified
INFO: [IP_Flow 19-2313] Loaded Vivado IP repository 'D:/Xilinx/Vivado/2017.3/data/ip'.
open_project: Time (s): cpu = 00:00:17 ; elapsed = 00:00:11 . Memory (MB): peak = 804.836 ; gain = 40.121
update_compile_order -fileset sources_1
exit
INFO: [Common 17-206] Exiting Vivado at Sun Aug 30 13:55:19 2020...
